#
# There is insufficient memory for the Java Runtime Environment to continue.
# Native memory allocation (malloc) failed to allocate 1048576 bytes. Error detail: AllocateHeap
# Possible reasons:
#   The system is out of physical RAM or swap space
#   This process is running with CompressedOops enabled, and the Java Heap may be blocking the growth of the native heap
# Possible solutions:
#   Reduce memory load on the system
#   Increase physical memory or swap space
#   Check if swap backing store is full
#   Decrease Java heap size (-Xmx/-Xms)
#   Decrease number of Java threads
#   Decrease Java thread stack sizes (-Xss)
#   Set larger code cache with -XX:ReservedCodeCacheSize=
#   JVM is running with Unscaled Compressed Oops mode in which the Java heap is
#     placed in the first 4GB address space. The Java Heap base address is the
#     maximum limit for the native heap growth. Please use -XX:HeapBaseMinAddress
#     to set the Java Heap base and to place the Java Heap above 4GB virtual address.
# This output file may be truncated or incomplete.
#
#  Out of Memory Error (allocation.cpp:44), pid=10124, tid=5096
#
# JRE version:  (23.0.2+7) (build )
# Java VM: Java HotSpot(TM) 64-Bit Server VM (23.0.2+7-58, mixed mode, sharing, tiered, compressed oops, compressed class ptrs, g1 gc, windows-amd64)
# No core dump will be written. Minidumps are not enabled by default on client versions of Windows
#

---------------  S U M M A R Y ------------

Command Line: -Dapplication.home=C:\Program Files\Java\jdk-23 --add-modules=ALL-DEFAULT -Xms8m -Djdk.module.main=jdk.compiler jdk.compiler/com.sun.tools.javac.Main Ex07.java

Host: Intel(R) Core(TM) i5-8250U CPU @ 1.60GHz, 8 cores, 3G,  Windows 11 , 64 bit Build 26100 (10.0.26100.3037)
Time: Fri Mar 21 23:54:42 2025 Sri Lanka Standard Time elapsed time: 1.114402 seconds (0d 0h 0m 1s)

---------------  T H R E A D  ---------------

Current thread (0x000001e09cb5a980):  JavaThread "Unknown thread" [_thread_in_vm, id=5096, stack(0x0000009b0d300000,0x0000009b0d400000) (1024K)]

Stack: [0x0000009b0d300000,0x0000009b0d400000]
Native frames: (J=compiled Java code, j=interpreted, Vv=VM code, C=native code)
V  [jvm.dll+0x6e0b99]  (no source info available)
V  [jvm.dll+0x87e2b3]  (no source info available)
V  [jvm.dll+0x88073e]  (no source info available)
V  [jvm.dll+0x880e13]  (no source info available)
V  [jvm.dll+0x27b006]  (no source info available)
V  [jvm.dll+0xb6a17]  (no source info available)
V  [jvm.dll+0x3316a5]  (no source info available)
V  [jvm.dll+0x329761]  (no source info available)
V  [jvm.dll+0x8449a5]  (no source info available)
V  [jvm.dll+0x3b9a08]  (no source info available)
V  [jvm.dll+0x82d68c]  (no source info available)
V  [jvm.dll+0x454f2e]  (no source info available)
V  [jvm.dll+0x456db1]  (no source info available)
C  [jli.dll+0x52a3]  (no source info available)
C  [ucrtbase.dll+0x37b0]  (no source info available)
C  [KERNEL32.DLL+0x2e8d7]  (no source info available)
C  [ntdll.dll+0xbbf2c]  (no source info available)

Lock stack of current Java thread (top to bottom):


---------------  P R O C E S S  ---------------

Threads class SMR info:
_java_thread_list=0x00007ffafca84618, length=0, elements={
}

Java Threads: ( => current thread )
Total: 0

Other Threads:
  0x000001e09e73eb70 WorkerThread "GC Thread#0"                     [id=2872, stack(0x0000009b0d400000,0x0000009b0d500000) (1024K)]

[error occurred during error reporting (printing all threads), id 0xc0000005, EXCEPTION_ACCESS_VIOLATION (0xc0000005) at pc=0x00007ffafc1c6950]
VM state: not at safepoint (not fully initialized)

VM Mutex/Monitor currently owned by a thread:  ([mutex/lock_event])
[0x00007ffafcb04988] Heap_lock - owner thread: 0x000001e09cb5a980

Heap address: 0x00000000c2000000, size: 992 MB, Compressed Oops mode: 32-bit

CDS archive(s) mapped at: [0x0000000000000000-0x0000000000000000-0x0000000000000000), size 0, SharedBaseAddress: 0x0000000800000000, ArchiveRelocationMode: 1.
Narrow klass base: 0x0000000000000000, Narrow klass shift: 0, Narrow klass range: 0x0

GC Precious Log:
 CardTable entry size: 512
 Card Set container configuration: InlinePtr #cards 5 size 8 Array Of Cards #cards 10 size 36 Howl #buckets 4 coarsen threshold 1843 Howl Bitmap #cards 512 size 80 coarsen threshold 460 Card regions per heap region 1 cards per card region 2048

Heap:
 garbage-first heap   total reserved 1015808K, committed 0K, used 0K [0x00000000c2000000, 0x0000000100000000)
  region size 1024K, 0 young (0K), 0 survivors (0K)

[error occurred during error reporting (printing heap information), id 0xc0000005, EXCEPTION_ACCESS_VIOLATION (0xc0000005) at pc=0x00007ffafc5cc6a9]
GC Heap History (0 events):
No events

Dll operation events (1 events):
Event: 0.059 Loaded shared library C:\Program Files\Java\jdk-23\bin\java.dll

Deoptimization events (0 events):
No events

Classes loaded (0 events):
No events

Classes unloaded (0 events):
No events

Classes redefined (0 events):
No events

Internal exceptions (0 events):
No events

VM Operations (0 events):
No events

Memory protections (0 events):
No events

Nmethod flushes (0 events):
No events

Events (0 events):
No events


Dynamic libraries:
0x00007ff67fc70000 - 0x00007ff67fc78000 	C:\Program Files\Java\jdk-23\bin\javac.exe
0x00007ffb90000000 - 0x00007ffb90263000 	C:\WINDOWS\SYSTEM32\ntdll.dll
0x00007ffb8f300000 - 0x00007ffb8f3c7000 	C:\WINDOWS\System32\KERNEL32.DLL
0x00007ffb8d530000 - 0x00007ffb8d8f7000 	C:\WINDOWS\System32\KERNELBASE.dll
0x00007ffb8d900000 - 0x00007ffb8da4c000 	C:\WINDOWS\System32\ucrtbase.dll
0x00007ffb86ca0000 - 0x00007ffb86cbb000 	C:\Program Files\Java\jdk-23\bin\VCRUNTIME140.dll
0x00007ffb8a290000 - 0x00007ffb8a2a7000 	C:\Program Files\Java\jdk-23\bin\jli.dll
0x00007ffb8f460000 - 0x00007ffb8f629000 	C:\WINDOWS\System32\USER32.dll
0x00007ffb8d3a0000 - 0x00007ffb8d3c7000 	C:\WINDOWS\System32\win32u.dll
0x00007ffb67e20000 - 0x00007ffb680b0000 	C:\WINDOWS\WinSxS\amd64_microsoft.windows.common-controls_6595b64144ccf1df_6.0.26100.3037_none_3e09262ce333c378\COMCTL32.dll
0x00007ffb8ef60000 - 0x00007ffb8ef8a000 	C:\WINDOWS\System32\GDI32.dll
0x00007ffb8eaf0000 - 0x00007ffb8eb99000 	C:\WINDOWS\System32\msvcrt.dll
0x00007ffb8dd10000 - 0x00007ffb8de3b000 	C:\WINDOWS\System32\gdi32full.dll
0x00007ffb8dae0000 - 0x00007ffb8db83000 	C:\WINDOWS\System32\msvcp_win.dll
0x00007ffb8e4b0000 - 0x00007ffb8e4df000 	C:\WINDOWS\System32\IMM32.DLL
0x00007ffb8a280000 - 0x00007ffb8a28c000 	C:\Program Files\Java\jdk-23\bin\vcruntime140_1.dll
0x00007ffb79530000 - 0x00007ffb795be000 	C:\Program Files\Java\jdk-23\bin\msvcp140.dll
0x00007ffafbe90000 - 0x00007ffafcbe0000 	C:\Program Files\Java\jdk-23\bin\server\jvm.dll
0x00007ffb8ec90000 - 0x00007ffb8ed44000 	C:\WINDOWS\System32\ADVAPI32.dll
0x00007ffb8df30000 - 0x00007ffb8dfd6000 	C:\WINDOWS\System32\sechost.dll
0x00007ffb8ed50000 - 0x00007ffb8ee66000 	C:\WINDOWS\System32\RPCRT4.dll
0x00007ffb8fdd0000 - 0x00007ffb8fe44000 	C:\WINDOWS\System32\WS2_32.dll
0x00007ffb8c060000 - 0x00007ffb8c0ae000 	C:\WINDOWS\SYSTEM32\POWRPROF.dll
0x00007ffb82d80000 - 0x00007ffb82d8b000 	C:\WINDOWS\SYSTEM32\VERSION.dll
0x00007ffb6a9b0000 - 0x00007ffb6a9e6000 	C:\WINDOWS\SYSTEM32\WINMM.dll
0x00007ffb8c040000 - 0x00007ffb8c054000 	C:\WINDOWS\SYSTEM32\UMPDC.dll
0x00007ffb8c2e0000 - 0x00007ffb8c2fa000 	C:\WINDOWS\SYSTEM32\kernel.appcore.dll
0x00007ffb868c0000 - 0x00007ffb868ca000 	C:\Program Files\Java\jdk-23\bin\jimage.dll
0x00007ffb4c040000 - 0x00007ffb4c281000 	C:\WINDOWS\SYSTEM32\DBGHELP.DLL
0x00007ffb8e120000 - 0x00007ffb8e49e000 	C:\WINDOWS\System32\combase.dll
0x00007ffb8ee80000 - 0x00007ffb8ef56000 	C:\WINDOWS\System32\OLEAUT32.dll
0x00007ffb71840000 - 0x00007ffb71879000 	C:\WINDOWS\SYSTEM32\dbgcore.DLL
0x00007ffb8d3d0000 - 0x00007ffb8d469000 	C:\WINDOWS\System32\bcryptPrimitives.dll
0x00007ffb868a0000 - 0x00007ffb868be000 	C:\Program Files\Java\jdk-23\bin\java.dll
0x00007ffb8ef90000 - 0x00007ffb8f125000 	C:\WINDOWS\System32\ole32.dll
0x00007ffb8f630000 - 0x00007ffb8fd34000 	C:\WINDOWS\System32\SHELL32.dll

dbghelp: loaded successfully - version: 4.0.5 - missing functions: none
symbol engine: initialized successfully - sym options: 0x614 - pdb path: .;C:\Program Files\Java\jdk-23\bin;C:\WINDOWS\SYSTEM32;C:\WINDOWS\WinSxS\amd64_microsoft.windows.common-controls_6595b64144ccf1df_6.0.26100.3037_none_3e09262ce333c378;C:\Program Files\Java\jdk-23\bin\server

VM Arguments:
jvm_args: -Dapplication.home=C:\Program Files\Java\jdk-23 --add-modules=ALL-DEFAULT -Xms8m -Djdk.module.main=jdk.compiler 
java_command: jdk.compiler/com.sun.tools.javac.Main Ex07.java
java_class_path (initial): <not set>
Launcher Type: SUN_STANDARD

[Global flags]
     intx CICompilerCount                          = 4                                         {product} {ergonomic}
     uint ConcGCThreads                            = 2                                         {product} {ergonomic}
     uint G1ConcRefinementThreads                  = 8                                         {product} {ergonomic}
   size_t G1HeapRegionSize                         = 1048576                                   {product} {ergonomic}
   size_t InitialHeapSize                          = 8388608                                   {product} {command line}
   size_t MarkStackSize                            = 4194304                                   {product} {ergonomic}
   size_t MarkStackSizeMax                         = 536870912                                 {product} {ergonomic}
   size_t MaxHeapSize                              = 1040187392                                {product} {ergonomic}
   size_t MinHeapDeltaBytes                        = 1048576                                   {product} {ergonomic}
   size_t MinHeapSize                              = 8388608                                   {product} {command line}
    uintx NonNMethodCodeHeapSize                   = 5832704                                {pd product} {ergonomic}
    uintx NonProfiledCodeHeapSize                  = 122945536                              {pd product} {ergonomic}
    uintx ProfiledCodeHeapSize                     = 122880000                              {pd product} {ergonomic}
    uintx ReservedCodeCacheSize                    = 251658240                              {pd product} {ergonomic}
     bool SegmentedCodeCache                       = true                                      {product} {ergonomic}
   size_t SoftMaxHeapSize                          = 1040187392                             {manageable} {ergonomic}
     bool UseCompressedOops                        = true                           {product lp64_product} {ergonomic}
     bool UseG1GC                                  = true                                      {product} {ergonomic}
     bool UseLargePagesIndividualAllocation        = false                                  {pd product} {ergonomic}

Logging:
Log output configuration:
 #0: stdout all=warning uptime,level,tags foldmultilines=false
 #1: stderr all=off uptime,level,tags foldmultilines=false

Environment Variables:
PATH=C:\Program Files\Common Files\Oracle\Java\javapath;C:\Program Files (x86)\Common Files\Oracle\Java\java8path;C:\Program Files (x86)\Common Files\Oracle\Java\javapath;C:\WINDOWS\system32;C:\WINDOWS;C:\WINDOWS\System32\Wbem;C:\WINDOWS\System32\WindowsPowerShell\v1.0\;C:\WINDOWS\System32\OpenSSH\;C:\MinGW\bin;C:\Users\Admin\AppData\Local\Microsoft\WindowsApps;;C:\Users\Admin\AppData\Local\Programs\Microsoft VS Code\bin
USERNAME=Admin
OS=Windows_NT
PROCESSOR_IDENTIFIER=Intel64 Family 6 Model 142 Stepping 10, GenuineIntel
TMP=C:\Users\Admin\AppData\Local\Temp
TEMP=C:\Users\Admin\AppData\Local\Temp




Periodic native trim disabled

---------------  S Y S T E M  ---------------

OS:
 Windows 11 , 64 bit Build 26100 (10.0.26100.3037)
OS uptime: 6 days 0:23 hours

CPU: total 8 (initial active 8) (4 cores per cpu, 2 threads per core) family 6 model 142 stepping 10 microcode 0xe0, cx8, cmov, fxsr, ht, mmx, 3dnowpref, sse, sse2, sse3, ssse3, sse4.1, sse4.2, popcnt, lzcnt, tsc, tscinvbit, avx, avx2, aes, erms, clmul, bmi1, bmi2, adx, fma, vzeroupper, clflush, clflushopt, rdtscp, f16c
Processor Information for the first 8 processors :
  Max Mhz: 1800, Current Mhz: 1600, Mhz Limit: 1584

Memory: 4k page, system-wide physical 3961M (730M free)
TotalPageFile size 6009M (AvailPageFile size 11M)
current process WorkingSet (physical memory assigned to process): 13M, peak: 13M
current process commit charge ("private bytes"): 54M, peak: 55M

vm_info: Java HotSpot(TM) 64-Bit Server VM (23.0.2+7-58) for windows-amd64 JRE (23.0.2+7-58), built on 2024-11-29T09:34:55Z with MS VC++ 17.6 (VS2022)

END.
