#
# There is insufficient memory for the Java Runtime Environment to continue.
# Native memory allocation (malloc) failed to allocate 68336 bytes. Error detail: Chunk::new
# Possible reasons:
#   The system is out of physical RAM or swap space
#   This process is running with CompressedOops enabled, and the Java Heap may be blocking the growth of the native heap
# Possible solutions:
#   Reduce memory load on the system
#   Increase physical memory or swap space
#   Check if swap backing store is full
#   Decrease Java heap size (-Xmx/-Xms)
#   Decrease number of Java threads
#   Decrease Java thread stack sizes (-Xss)
#   Set larger code cache with -XX:ReservedCodeCacheSize=
#   JVM is running with Unscaled Compressed Oops mode in which the Java heap is
#     placed in the first 4GB address space. The Java Heap base address is the
#     maximum limit for the native heap growth. Please use -XX:HeapBaseMinAddress
#     to set the Java Heap base and to place the Java Heap above 4GB virtual address.
# This output file may be truncated or incomplete.
#
#  Out of Memory Error (arena.cpp:149), pid=5200, tid=4704
#
# JRE version: Java(TM) SE Runtime Environment (23.0.2+7) (build 23.0.2+7-58)
# Java VM: Java HotSpot(TM) 64-Bit Server VM (23.0.2+7-58, mixed mode, tiered, compressed oops, compressed class ptrs, g1 gc, windows-amd64)
# No core dump will be written. Minidumps are not enabled by default on client versions of Windows
#

---------------  S U M M A R Y ------------

Command Line: -Dapplication.home=C:\Program Files\Java\jdk-23 --add-modules=ALL-DEFAULT -Xms8m -Djdk.module.main=jdk.compiler jdk.compiler/com.sun.tools.javac.Main Ex07.java

Host: Intel(R) Core(TM) i5-8250U CPU @ 1.60GHz, 8 cores, 3G,  Windows 11 , 64 bit Build 26100 (10.0.26100.3037)
Time: Sat Mar 22 00:02:09 2025 Sri Lanka Standard Time elapsed time: 11.971930 seconds (0d 0h 0m 11s)

---------------  T H R E A D  ---------------

Current thread (0x0000017e1cdbe500):  JavaThread "C2 CompilerThread0" daemon [_thread_in_native, id=4704, stack(0x0000003820d00000,0x0000003820e00000) (1024K)]


Current CompileTask:
C2:11972  515       4       java.lang.AbstractStringBuilder::ensureCapacityInternal (39 bytes)

Stack: [0x0000003820d00000,0x0000003820e00000]
Native frames: (J=compiled Java code, j=interpreted, Vv=VM code, C=native code)
V  [jvm.dll+0x6e0b99]  (no source info available)
V  [jvm.dll+0x87e2b3]  (no source info available)
V  [jvm.dll+0x88073e]  (no source info available)
V  [jvm.dll+0x880e13]  (no source info available)
V  [jvm.dll+0x27b006]  (no source info available)
V  [jvm.dll+0xbc06f]  (no source info available)
V  [jvm.dll+0xbc2cb]  (no source info available)
V  [jvm.dll+0x3b3c22]  (no source info available)
V  [jvm.dll+0x38a55b]  (no source info available)
V  [jvm.dll+0x3899ca]  (no source info available)
V  [jvm.dll+0x244ba1]  (no source info available)
V  [jvm.dll+0x243eff]  (no source info available)
V  [jvm.dll+0x1c34b0]  (no source info available)
V  [jvm.dll+0x253df1]  (no source info available)
V  [jvm.dll+0x2520aa]  (no source info available)
V  [jvm.dll+0x3ee226]  (no source info available)
V  [jvm.dll+0x8254cb]  (no source info available)
V  [jvm.dll+0x6df345]  (no source info available)
C  [ucrtbase.dll+0x37b0]  (no source info available)
C  [KERNEL32.DLL+0x2e8d7]  (no source info available)
C  [ntdll.dll+0xbbf2c]  (no source info available)

Lock stack of current Java thread (top to bottom):


---------------  P R O C E S S  ---------------

Threads class SMR info:
_java_thread_list=0x0000017e21430df0, length=11, elements={
0x0000017e7f14ee60, 0x0000017e21008070, 0x0000017e2100a6f0, 0x0000017e2101f6e0,
0x0000017e21020140, 0x0000017e21020ba0, 0x0000017e21021730, 0x0000017e1cdbe500,
0x0000017e2102df00, 0x0000017e211747b0, 0x0000017e2132e530
}

Java Threads: ( => current thread )
  0x0000017e7f14ee60 JavaThread "main"                              [_thread_in_vm, id=6780, stack(0x000000381ff00000,0x0000003820000000) (1024K)]
  0x0000017e21008070 JavaThread "Reference Handler"          daemon [_thread_blocked, id=5500, stack(0x0000003820700000,0x0000003820800000) (1024K)]
  0x0000017e2100a6f0 JavaThread "Finalizer"                  daemon [_thread_blocked, id=4888, stack(0x0000003820800000,0x0000003820900000) (1024K)]
  0x0000017e2101f6e0 JavaThread "Signal Dispatcher"          daemon [_thread_blocked, id=3048, stack(0x0000003820900000,0x0000003820a00000) (1024K)]
  0x0000017e21020140 JavaThread "Attach Listener"            daemon [_thread_blocked, id=11252, stack(0x0000003820a00000,0x0000003820b00000) (1024K)]
  0x0000017e21020ba0 JavaThread "Service Thread"             daemon [_thread_blocked, id=2892, stack(0x0000003820b00000,0x0000003820c00000) (1024K)]
  0x0000017e21021730 JavaThread "Monitor Deflation Thread"   daemon [_thread_blocked, id=4744, stack(0x0000003820c00000,0x0000003820d00000) (1024K)]
=>0x0000017e1cdbe500 JavaThread "C2 CompilerThread0"         daemon [_thread_in_native, id=4704, stack(0x0000003820d00000,0x0000003820e00000) (1024K)]
  0x0000017e2102df00 JavaThread "C1 CompilerThread0"         daemon [_thread_blocked, id=13060, stack(0x0000003820e00000,0x0000003820f00000) (1024K)]
  0x0000017e211747b0 JavaThread "Common-Cleaner"             daemon [_thread_blocked, id=13184, stack(0x0000003820f00000,0x0000003821000000) (1024K)]
  0x0000017e2132e530 JavaThread "Notification Thread"        daemon [_thread_blocked, id=12256, stack(0x0000003821100000,0x0000003821200000) (1024K)]
Total: 11

Other Threads:
  0x0000017e1cd52650 VMThread "VM Thread"                           [id=9172, stack(0x0000003820600000,0x0000003820700000) (1024K)]
  0x0000017e1ccdca10 WatcherThread "VM Periodic Task Thread"        [id=8904, stack(0x0000003820500000,0x0000003820600000) (1024K)]
  0x0000017e7f92ed10 WorkerThread "GC Thread#0"                     [id=4148, stack(0x0000003820000000,0x0000003820100000) (1024K)]
  0x0000017e7f93be40 ConcurrentGCThread "G1 Main Marker"            [id=11692, stack(0x0000003820100000,0x0000003820200000) (1024K)]
  0x0000017e7f93d870 WorkerThread "G1 Conc#0"                       [id=5712, stack(0x0000003820200000,0x0000003820300000) (1024K)]
  0x0000017e7f99a050 ConcurrentGCThread "G1 Refine#0"               [id=10136, stack(0x0000003820300000,0x0000003820400000) (1024K)]
  0x0000017e7f99b990 ConcurrentGCThread "G1 Service"                [id=8532, stack(0x0000003820400000,0x0000003820500000) (1024K)]
Total: 7

Threads with active compile tasks:
C2 CompilerThread0  18083  515       4       java.lang.AbstractStringBuilder::ensureCapacityInternal (39 bytes)
Total: 1

VM state: not at safepoint (normal execution)

VM Mutex/Monitor currently owned by a thread:  ([mutex/lock_event])
[0x00007ffafcb02888] Metaspace_lock - owner thread: 0x0000017e7f14ee60

Heap address: 0x00000000c2000000, size: 992 MB, Compressed Oops mode: 32-bit

CDS archive(s) not mapped
Compressed class space mapped at: 0x000000003f000000-0x000000007f000000, reserved size: 1073741824
Narrow klass base: 0x0000000000000000, Narrow klass shift: 0, Narrow klass range: 0x7f000000

GC Precious Log:
 CardTable entry size: 512
 Card Set container configuration: InlinePtr #cards 5 size 8 Array Of Cards #cards 10 size 36 Howl #buckets 4 coarsen threshold 1843 Howl Bitmap #cards 512 size 80 coarsen threshold 460 Card regions per heap region 1 cards per card region 2048
 CPUs: 8 total, 8 available
 Memory: 3961M
 Large Page Support: Disabled
 NUMA Support: Disabled
 Compressed Oops: Enabled (32-bit)
 Heap Region Size: 1M
 Heap Min Capacity: 8M
 Heap Initial Capacity: 8M
 Heap Max Capacity: 992M
 Pre-touch: Disabled
 Parallel Workers: 8
 Concurrent Workers: 2
 Concurrent Refinement Workers: 8
 Periodic GC: Disabled

Heap:
 garbage-first heap   total reserved 1015808K, committed 8192K, used 2048K [0x00000000c2000000, 0x0000000100000000)
  region size 1024K, 4 young (4096K), 0 survivors (0K)
 Metaspace       used 10916K, committed 11072K, reserved 1114112K
  class space    used 1134K, committed 1216K, reserved 1048576K

Heap Regions: E=young(eden), S=young(survivor), O=old, HS=humongous(starts), HC=humongous(continues), CS=collection set, F=free, TAMS=top-at-mark-start, PB=parsable bottom
|   0|0x00000000c2000000, 0x00000000c2000000, 0x00000000c2100000|  0%| F|  |TAMS 0x00000000c2000000| PB 0x00000000c2000000| Untracked |  0
|   1|0x00000000c2100000, 0x00000000c2100000, 0x00000000c2200000|  0%| F|  |TAMS 0x00000000c2100000| PB 0x00000000c2100000| Untracked |  0
|   2|0x00000000c2200000, 0x00000000c2200000, 0x00000000c2300000|  0%| F|  |TAMS 0x00000000c2200000| PB 0x00000000c2200000| Untracked |  0
|   3|0x00000000c2300000, 0x00000000c2300000, 0x00000000c2400000|  0%| F|  |TAMS 0x00000000c2300000| PB 0x00000000c2300000| Untracked |  0
|   4|0x00000000c2400000, 0x00000000c2481f70, 0x00000000c2500000| 50%| E|  |TAMS 0x00000000c2400000| PB 0x00000000c2400000| Complete |  0
|   5|0x00000000c2500000, 0x00000000c2600000, 0x00000000c2600000|100%| E|  |TAMS 0x00000000c2500000| PB 0x00000000c2500000| Complete |  0
|   6|0x00000000c2600000, 0x00000000c2700000, 0x00000000c2700000|100%| E|CS|TAMS 0x00000000c2600000| PB 0x00000000c2600000| Complete |  0
|   7|0x00000000c2700000, 0x00000000c2800000, 0x00000000c2800000|100%| E|CS|TAMS 0x00000000c2700000| PB 0x00000000c2700000| Complete |  0

Card table byte_map: [0x0000017e191d0000,0x0000017e193c0000] _byte_map_base: 0x0000017e18bc0000

Marking Bits: (CMBitMap*) 0x0000017e7f92f330
 Bits: [0x0000017e193c0000, 0x0000017e1a340000)

Polling page: 0x0000017e7f9c0000

Metaspace:

Usage:
  Non-class:      9.55 MB used.
      Class:      1.11 MB used.
       Both:     10.66 MB used.

Virtual space:
  Non-class space:       64.00 MB reserved,       9.62 MB ( 15%) committed,  1 nodes.
      Class space:        1.00 GB reserved,       1.19 MB ( <1%) committed,  1 nodes.
             Both:        1.06 GB reserved,      10.81 MB ( <1%) committed. 

Chunk freelists:
   Non-Class:  6.30 MB
       Class:  14.77 MB
        Both:  21.06 MB

MaxMetaspaceSize: unlimited
CompressedClassSpaceSize: 1.00 GB
Initial GC threshold: 21.00 MB
Current GC threshold: 21.00 MB
CDS: off
 - commit_granule_bytes: 65536.
 - commit_granule_words: 8192.
 - virtual_space_node_default_size: 8388608.
 - enlarge_chunks_in_place: 1.
 - use_allocation_guard: 0.


Internal statistics:

num_allocs_failed_limit: 0.
num_arena_births: 38.
num_arena_deaths: 0.
num_vsnodes_births: 2.
num_vsnodes_deaths: 0.
num_space_committed: 173.
num_space_uncommitted: 0.
num_chunks_returned_to_freelist: 0.
num_chunks_taken_from_freelist: 196.
num_chunk_merges: 0.
num_chunk_splits: 140.
num_chunks_enlarged: 105.
num_inconsistent_stats: 0.

CodeHeap 'non-profiled nmethods': size=120064Kb used=165Kb max_used=165Kb free=119898Kb
 bounds [0x0000017e11550000, 0x0000017e117c0000, 0x0000017e18a90000]
CodeHeap 'profiled nmethods': size=120000Kb used=520Kb max_used=520Kb free=119479Kb
 bounds [0x0000017e09a90000, 0x0000017e09d00000, 0x0000017e10fc0000]
CodeHeap 'non-nmethods': size=5696Kb used=1291Kb max_used=1300Kb free=4404Kb
 bounds [0x0000017e10fc0000, 0x0000017e11230000, 0x0000017e11550000]
CodeCache: size=245760Kb, used=1976Kb, max_used=1985Kb, free=243781Kb
 total_blobs=930, nmethods=519, adapters=317, full_count=0
Compilation: enabled, stopped_count=0, restarted_count=0

Compilation events (20 events):
Event: 7.932 Thread 0x0000017e2102df00  506       3       java.nio.DirectByteBufferR::<init> (25 bytes)
Event: 7.932 Thread 0x0000017e2102df00 nmethod 506 0x0000017e09b0b288 code [0x0000017e09b0b3a0, 0x0000017e09b0b520]
Event: 7.932 Thread 0x0000017e2102df00  507       3       java.net.URL::getDefaultPort (8 bytes)
Event: 7.932 Thread 0x0000017e2102df00 nmethod 507 0x0000017e09b0b588 code [0x0000017e09b0b6a0, 0x0000017e09b0b888]
Event: 7.932 Thread 0x0000017e2102df00  508       3       java.security.SecureClassLoader$CodeSourceKey::<init> (10 bytes)
Event: 7.932 Thread 0x0000017e2102df00 nmethod 508 0x0000017e09b0b908 code [0x0000017e09b0ba20, 0x0000017e09b0bc40]
Event: 7.932 Thread 0x0000017e2102df00  509       3       java.security.SecureClassLoader$1::<init> (10 bytes)
Event: 7.932 Thread 0x0000017e2102df00 nmethod 509 0x0000017e09b0bc88 code [0x0000017e09b0bda0, 0x0000017e09b0bf68]
Event: 7.932 Thread 0x0000017e2102df00  510       3       java.security.SecureClassLoader$CodeSourceKey::hashCode (11 bytes)
Event: 7.933 Thread 0x0000017e2102df00 nmethod 510 0x0000017e09b0bf88 code [0x0000017e09b0c0c0, 0x0000017e09b0c2e8]
Event: 7.933 Thread 0x0000017e2102df00  511       3       java.nio.Buffer::remaining (20 bytes)
Event: 7.933 Thread 0x0000017e2102df00 nmethod 511 0x0000017e09b0c388 code [0x0000017e09b0c4a0, 0x0000017e09b0c620]
Event: 7.933 Thread 0x0000017e2102df00  512       3       java.lang.ClassLoader::preDefineClass (118 bytes)
Event: 7.934 Thread 0x0000017e2102df00 nmethod 512 0x0000017e09b0c688 code [0x0000017e09b0c980, 0x0000017e09b0db88]
Event: 7.934 Thread 0x0000017e2102df00  513       3       java.lang.ClassLoader::checkCerts (121 bytes)
Event: 7.935 Thread 0x0000017e2102df00 nmethod 513 0x0000017e09b0dc88 code [0x0000017e09b0df00, 0x0000017e09b0ec98]
Event: 7.935 Thread 0x0000017e2102df00  514       1       java.lang.invoke.MethodType::rtype (5 bytes)
Event: 7.935 Thread 0x0000017e2102df00 nmethod 514 0x0000017e11579308 code [0x0000017e11579420, 0x0000017e115794e8]
Event: 7.940 Thread 0x0000017e1cdbe500  515       4       java.lang.AbstractStringBuilder::ensureCapacityInternal (39 bytes)
Event: 7.943 Thread 0x0000017e2102df00  516       3       sun.net.util.URLUtil::urlNoFragString (143 bytes)

GC Heap History (0 events):
No events

Dll operation events (5 events):
Event: 0.059 Loaded shared library C:\Program Files\Java\jdk-23\bin\java.dll
Event: 2.385 Loaded shared library C:\Program Files\Java\jdk-23\bin\jsvml.dll
Event: 3.572 Loaded shared library C:\Program Files\Java\jdk-23\bin\jimage.dll
Event: 6.767 Loaded shared library C:\Program Files\Java\jdk-23\bin\net.dll
Event: 6.770 Loaded shared library C:\Program Files\Java\jdk-23\bin\nio.dll

Deoptimization events (20 events):
Event: 5.743 Thread 0x0000017e7f14ee60 Uncommon trap: trap_request=0xffffffc6 fr.pc=0x0000017e11566790 relative=0x0000000000000bd0
Event: 5.743 Thread 0x0000017e7f14ee60 Uncommon trap: reason=bimorphic_or_optimized_type_check action=maybe_recompile pc=0x0000017e11566790 method=java.util.HashMap.putVal(ILjava/lang/Object;Ljava/lang/Object;ZZ)Ljava/lang/Object; @ 56 c2
Event: 5.743 Thread 0x0000017e7f14ee60 DEOPT PACKING pc=0x0000017e11566790 sp=0x000000381fffe770
Event: 5.743 Thread 0x0000017e7f14ee60 DEOPT UNPACKING pc=0x0000017e11014402 sp=0x000000381fffe6f8 mode 2
Event: 5.743 Thread 0x0000017e7f14ee60 Uncommon trap: trap_request=0xffffffc6 fr.pc=0x0000017e11566790 relative=0x0000000000000bd0
Event: 5.743 Thread 0x0000017e7f14ee60 Uncommon trap: reason=bimorphic_or_optimized_type_check action=maybe_recompile pc=0x0000017e11566790 method=java.util.HashMap.putVal(ILjava/lang/Object;Ljava/lang/Object;ZZ)Ljava/lang/Object; @ 56 c2
Event: 5.743 Thread 0x0000017e7f14ee60 DEOPT PACKING pc=0x0000017e11566790 sp=0x000000381fffe770
Event: 5.743 Thread 0x0000017e7f14ee60 DEOPT UNPACKING pc=0x0000017e11014402 sp=0x000000381fffe6f8 mode 2
Event: 5.743 Thread 0x0000017e7f14ee60 Uncommon trap: trap_request=0xffffffc6 fr.pc=0x0000017e11566790 relative=0x0000000000000bd0
Event: 5.743 Thread 0x0000017e7f14ee60 Uncommon trap: reason=bimorphic_or_optimized_type_check action=maybe_recompile pc=0x0000017e11566790 method=java.util.HashMap.putVal(ILjava/lang/Object;Ljava/lang/Object;ZZ)Ljava/lang/Object; @ 56 c2
Event: 5.744 Thread 0x0000017e7f14ee60 DEOPT PACKING pc=0x0000017e11566790 sp=0x000000381fffe770
Event: 5.744 Thread 0x0000017e7f14ee60 DEOPT UNPACKING pc=0x0000017e11014402 sp=0x000000381fffe6f8 mode 2
Event: 5.744 Thread 0x0000017e7f14ee60 Uncommon trap: trap_request=0xffffffc6 fr.pc=0x0000017e115667d8 relative=0x0000000000000c18
Event: 5.744 Thread 0x0000017e7f14ee60 Uncommon trap: reason=bimorphic_or_optimized_type_check action=maybe_recompile pc=0x0000017e115667d8 method=java.util.HashMap.putVal(ILjava/lang/Object;Ljava/lang/Object;ZZ)Ljava/lang/Object; @ 152 c2
Event: 5.744 Thread 0x0000017e7f14ee60 DEOPT PACKING pc=0x0000017e115667d8 sp=0x000000381fffe770
Event: 5.744 Thread 0x0000017e7f14ee60 DEOPT UNPACKING pc=0x0000017e11014402 sp=0x000000381fffe700 mode 2
Event: 5.744 Thread 0x0000017e7f14ee60 Uncommon trap: trap_request=0xffffffc6 fr.pc=0x0000017e11566790 relative=0x0000000000000bd0
Event: 5.744 Thread 0x0000017e7f14ee60 Uncommon trap: reason=bimorphic_or_optimized_type_check action=maybe_recompile pc=0x0000017e11566790 method=java.util.HashMap.putVal(ILjava/lang/Object;Ljava/lang/Object;ZZ)Ljava/lang/Object; @ 56 c2
Event: 5.744 Thread 0x0000017e7f14ee60 DEOPT PACKING pc=0x0000017e11566790 sp=0x000000381fffe770
Event: 5.744 Thread 0x0000017e7f14ee60 DEOPT UNPACKING pc=0x0000017e11014402 sp=0x000000381fffe6f8 mode 2

Classes loaded (20 events):
Event: 6.817 Loading class java/util/regex/Pattern$GroupTail
Event: 6.817 Loading class java/util/regex/Pattern$GroupTail done
Event: 6.818 Loading class java/util/regex/Pattern$Curly
Event: 6.818 Loading class java/util/regex/Pattern$Curly done
Event: 6.818 Loading class java/util/regex/Pattern$Ques
Event: 6.818 Loading class java/util/regex/Pattern$Ques done
Event: 6.818 Loading class java/util/regex/Pattern$GroupCurly
Event: 6.818 Loading class java/util/regex/Pattern$GroupCurly done
Event: 6.818 Loading class java/util/regex/Pattern$StartS
Event: 6.818 Loading class java/util/regex/Pattern$StartS done
Event: 6.846 Loading class java/nio/file/ReadOnlyFileSystemException
Event: 6.846 Loading class java/nio/file/ReadOnlyFileSystemException done
Event: 6.863 Loading class java/nio/file/ClosedFileSystemException
Event: 6.863 Loading class java/nio/file/ClosedFileSystemException done
Event: 6.863 Loading class java/lang/ArrayIndexOutOfBoundsException
Event: 6.863 Loading class java/lang/ArrayIndexOutOfBoundsException done
Event: 6.867 Loading class java/io/ByteArrayOutputStream
Event: 6.867 Loading class java/io/ByteArrayOutputStream done
Event: 6.875 Loading class java/util/AbstractQueue
Event: 6.876 Loading class java/util/AbstractQueue done

Classes unloaded (0 events):
No events

Classes redefined (0 events):
No events

Internal exceptions (4 events):
Event: 4.733 Thread 0x0000017e7f14ee60 Exception <a 'java/lang/NoSuchMethodError'{0x00000000c251a2d8}: 'void java.lang.invoke.DirectMethodHandle$Holder.invokeSpecial(java.lang.Object, java.lang.Object, java.lang.Object)'> (0x00000000c251a2d8) 
thrown [s\open\src\hotspot\share\interpreter\linkResolver.cpp, line 796]
Event: 6.789 Thread 0x0000017e7f14ee60 Exception <a 'java/lang/NoSuchMethodError'{0x00000000c255a128}: 'int java.lang.invoke.DirectMethodHandle$Holder.invokeVirtual(java.lang.Object, java.lang.Object, java.lang.Object)'> (0x00000000c255a128) 
thrown [s\open\src\hotspot\share\interpreter\linkResolver.cpp, line 796]
Event: 6.792 Thread 0x0000017e7f14ee60 Exception <a 'java/lang/NoSuchMethodError'{0x00000000c2560370}: 'void java.lang.invoke.DirectMethodHandle$Holder.invokeInterface(java.lang.Object, java.lang.Object, java.lang.Object)'> (0x00000000c2560370) 
thrown [s\open\src\hotspot\share\interpreter\linkResolver.cpp, line 796]
Event: 6.918 Thread 0x0000017e7f14ee60 Exception <a 'java/lang/NoSuchMethodError'{0x00000000c24557e0}: 'int java.lang.invoke.DirectMethodHandle$Holder.invokeStaticInit(java.lang.Object, java.lang.Object)'> (0x00000000c24557e0) 
thrown [s\open\src\hotspot\share\interpreter\linkResolver.cpp, line 796]

VM Operations (6 events):
Event: 2.533 Executing VM operation: HandshakeAllThreads (Deoptimize)
Event: 2.533 Executing VM operation: HandshakeAllThreads (Deoptimize) done
Event: 5.743 Executing VM operation: HandshakeAllThreads (Deoptimize)
Event: 5.743 Executing VM operation: HandshakeAllThreads (Deoptimize) done
Event: 6.817 Executing VM operation: HandshakeAllThreads (Deoptimize)
Event: 6.817 Executing VM operation: HandshakeAllThreads (Deoptimize) done

Memory protections (0 events):
No events

Nmethod flushes (0 events):
No events

Events (13 events):
Event: 2.158 Thread 0x0000017e7f14ee60 Thread added: 0x0000017e7f14ee60
Event: 2.367 Thread 0x0000017e7f14ee60 Thread added: 0x0000017e21008070
Event: 2.367 Thread 0x0000017e7f14ee60 Thread added: 0x0000017e2100a6f0
Event: 2.372 Thread 0x0000017e7f14ee60 Thread added: 0x0000017e2101f6e0
Event: 2.372 Thread 0x0000017e7f14ee60 Thread added: 0x0000017e21020140
Event: 2.372 Thread 0x0000017e7f14ee60 Thread added: 0x0000017e21020ba0
Event: 2.372 Thread 0x0000017e7f14ee60 Thread added: 0x0000017e21021730
Event: 2.373 Thread 0x0000017e7f14ee60 Thread added: 0x0000017e1cdbe500
Event: 2.373 Thread 0x0000017e7f14ee60 Thread added: 0x0000017e2102df00
Event: 2.505 Thread 0x0000017e7f14ee60 Thread added: 0x0000017e211747b0
Event: 2.543 Thread 0x0000017e1cdbe500 Thread added: 0x0000017e21248f20
Event: 3.551 Thread 0x0000017e7f14ee60 Thread added: 0x0000017e2132e530
Event: 6.751 Thread 0x0000017e21248f20 Thread exited: 0x0000017e21248f20


Dynamic libraries:
0x00007ff666da0000 - 0x00007ff666da8000 	C:\Program Files\Java\jdk-23\bin\javac.exe
0x00007ffb90000000 - 0x00007ffb90263000 	C:\WINDOWS\SYSTEM32\ntdll.dll
0x00007ffb8f300000 - 0x00007ffb8f3c7000 	C:\WINDOWS\System32\KERNEL32.DLL
0x00007ffb8d530000 - 0x00007ffb8d8f7000 	C:\WINDOWS\System32\KERNELBASE.dll
0x00007ffb8d900000 - 0x00007ffb8da4c000 	C:\WINDOWS\System32\ucrtbase.dll
0x00007ffb86fb0000 - 0x00007ffb86fcb000 	C:\Program Files\Java\jdk-23\bin\VCRUNTIME140.dll
0x00007ffb86fd0000 - 0x00007ffb86fe7000 	C:\Program Files\Java\jdk-23\bin\jli.dll
0x00007ffb8f460000 - 0x00007ffb8f629000 	C:\WINDOWS\System32\USER32.dll
0x00007ffb67e20000 - 0x00007ffb680b0000 	C:\WINDOWS\WinSxS\amd64_microsoft.windows.common-controls_6595b64144ccf1df_6.0.26100.3037_none_3e09262ce333c378\COMCTL32.dll
0x00007ffb8d3a0000 - 0x00007ffb8d3c7000 	C:\WINDOWS\System32\win32u.dll
0x00007ffb8eaf0000 - 0x00007ffb8eb99000 	C:\WINDOWS\System32\msvcrt.dll
0x00007ffb8ef60000 - 0x00007ffb8ef8a000 	C:\WINDOWS\System32\GDI32.dll
0x00007ffb8dd10000 - 0x00007ffb8de3b000 	C:\WINDOWS\System32\gdi32full.dll
0x00007ffb8dae0000 - 0x00007ffb8db83000 	C:\WINDOWS\System32\msvcp_win.dll
0x00007ffb8e4b0000 - 0x00007ffb8e4df000 	C:\WINDOWS\System32\IMM32.DLL
0x00007ffb86f40000 - 0x00007ffb86f4c000 	C:\Program Files\Java\jdk-23\bin\vcruntime140_1.dll
0x00007ffb7dc20000 - 0x00007ffb7dcae000 	C:\Program Files\Java\jdk-23\bin\msvcp140.dll
0x00007ffafbe90000 - 0x00007ffafcbe0000 	C:\Program Files\Java\jdk-23\bin\server\jvm.dll
0x00007ffb8ec90000 - 0x00007ffb8ed44000 	C:\WINDOWS\System32\ADVAPI32.dll
0x00007ffb8df30000 - 0x00007ffb8dfd6000 	C:\WINDOWS\System32\sechost.dll
0x00007ffb8ed50000 - 0x00007ffb8ee66000 	C:\WINDOWS\System32\RPCRT4.dll
0x00007ffb8fdd0000 - 0x00007ffb8fe44000 	C:\WINDOWS\System32\WS2_32.dll
0x00007ffb8c060000 - 0x00007ffb8c0ae000 	C:\WINDOWS\SYSTEM32\POWRPROF.dll
0x00007ffb6a9b0000 - 0x00007ffb6a9e6000 	C:\WINDOWS\SYSTEM32\WINMM.dll
0x00007ffb82d80000 - 0x00007ffb82d8b000 	C:\WINDOWS\SYSTEM32\VERSION.dll
0x00007ffb8c040000 - 0x00007ffb8c054000 	C:\WINDOWS\SYSTEM32\UMPDC.dll
0x00007ffb8c2e0000 - 0x00007ffb8c2fa000 	C:\WINDOWS\SYSTEM32\kernel.appcore.dll
0x00007ffb86f30000 - 0x00007ffb86f3a000 	C:\Program Files\Java\jdk-23\bin\jimage.dll
0x00007ffb4c040000 - 0x00007ffb4c281000 	C:\WINDOWS\SYSTEM32\DBGHELP.DLL
0x00007ffb8e120000 - 0x00007ffb8e49e000 	C:\WINDOWS\System32\combase.dll
0x00007ffb8ee80000 - 0x00007ffb8ef56000 	C:\WINDOWS\System32\OLEAUT32.dll
0x00007ffb71840000 - 0x00007ffb71879000 	C:\WINDOWS\SYSTEM32\dbgcore.DLL
0x00007ffb8d3d0000 - 0x00007ffb8d469000 	C:\WINDOWS\System32\bcryptPrimitives.dll
0x00007ffb86ca0000 - 0x00007ffb86cbe000 	C:\Program Files\Java\jdk-23\bin\java.dll
0x00007ffb8ef90000 - 0x00007ffb8f125000 	C:\WINDOWS\System32\ole32.dll
0x00007ffb8f630000 - 0x00007ffb8fd34000 	C:\WINDOWS\System32\SHELL32.dll
0x00007ffb8b100000 - 0x00007ffb8b937000 	C:\WINDOWS\SYSTEM32\windows.storage.dll
0x00007ffb8eba0000 - 0x00007ffb8ec89000 	C:\WINDOWS\System32\SHCORE.dll
0x00007ffb8dfe0000 - 0x00007ffb8e03d000 	C:\WINDOWS\System32\shlwapi.dll
0x00007ffb8d2b0000 - 0x00007ffb8d2de000 	C:\WINDOWS\SYSTEM32\profapi.dll
0x00007ffb79560000 - 0x00007ffb79637000 	C:\Program Files\Java\jdk-23\bin\jsvml.dll
0x00007ffb868c0000 - 0x00007ffb868d0000 	C:\Program Files\Java\jdk-23\bin\net.dll
0x00007ffb8c7f0000 - 0x00007ffb8c85a000 	C:\WINDOWS\system32\mswsock.dll
0x00007ffb868a0000 - 0x00007ffb868b6000 	C:\Program Files\Java\jdk-23\bin\nio.dll

dbghelp: loaded successfully - version: 4.0.5 - missing functions: none
symbol engine: initialized successfully - sym options: 0x614 - pdb path: .;C:\Program Files\Java\jdk-23\bin;C:\WINDOWS\SYSTEM32;C:\WINDOWS\WinSxS\amd64_microsoft.windows.common-controls_6595b64144ccf1df_6.0.26100.3037_none_3e09262ce333c378;C:\Program Files\Java\jdk-23\bin\server

VM Arguments:
jvm_args: -Dapplication.home=C:\Program Files\Java\jdk-23 --add-modules=ALL-DEFAULT -Xms8m -Djdk.module.main=jdk.compiler 
java_command: jdk.compiler/com.sun.tools.javac.Main Ex07.java
java_class_path (initial): <not set>
Launcher Type: SUN_STANDARD

[Global flags]
     intx CICompilerCount                          = 4                                         {product} {ergonomic}
     uint ConcGCThreads                            = 2                                         {product} {ergonomic}
     uint G1ConcRefinementThreads                  = 8                                         {product} {ergonomic}
   size_t G1HeapRegionSize                         = 1048576                                   {product} {ergonomic}
   size_t InitialHeapSize                          = 8388608                                   {product} {command line}
   size_t MarkStackSize                            = 4194304                                   {product} {ergonomic}
   size_t MarkStackSizeMax                         = 536870912                                 {product} {ergonomic}
   size_t MaxHeapSize                              = 1040187392                                {product} {ergonomic}
   size_t MaxNewSize                               = 623902720                                 {product} {ergonomic}
   size_t MinHeapDeltaBytes                        = 1048576                                   {product} {ergonomic}
   size_t MinHeapSize                              = 8388608                                   {product} {command line}
    uintx NonNMethodCodeHeapSize                   = 5832704                                {pd product} {ergonomic}
    uintx NonProfiledCodeHeapSize                  = 122945536                              {pd product} {ergonomic}
    uintx ProfiledCodeHeapSize                     = 122880000                              {pd product} {ergonomic}
    uintx ReservedCodeCacheSize                    = 251658240                              {pd product} {ergonomic}
     bool SegmentedCodeCache                       = true                                      {product} {ergonomic}
   size_t SoftMaxHeapSize                          = 1040187392                             {manageable} {ergonomic}
     bool UseCompressedOops                        = true                           {product lp64_product} {ergonomic}
     bool UseG1GC                                  = true                                      {product} {ergonomic}
     bool UseLargePagesIndividualAllocation        = false                                  {pd product} {ergonomic}

Logging:
Log output configuration:
 #0: stdout all=warning uptime,level,tags foldmultilines=false
 #1: stderr all=off uptime,level,tags foldmultilines=false

Environment Variables:
PATH=C:\Program Files\Common Files\Oracle\Java\javapath;C:\Program Files (x86)\Common Files\Oracle\Java\java8path;C:\Program Files (x86)\Common Files\Oracle\Java\javapath;C:\WINDOWS\system32;C:\WINDOWS;C:\WINDOWS\System32\Wbem;C:\WINDOWS\System32\WindowsPowerShell\v1.0\;C:\WINDOWS\System32\OpenSSH\;C:\MinGW\bin;C:\Users\Admin\AppData\Local\Microsoft\WindowsApps;;C:\Users\Admin\AppData\Local\Programs\Microsoft VS Code\bin
USERNAME=Admin
OS=Windows_NT
PROCESSOR_IDENTIFIER=Intel64 Family 6 Model 142 Stepping 10, GenuineIntel
TMP=C:\Users\Admin\AppData\Local\Temp
TEMP=C:\Users\Admin\AppData\Local\Temp




Periodic native trim disabled

---------------  S Y S T E M  ---------------

OS:
 Windows 11 , 64 bit Build 26100 (10.0.26100.3037)
OS uptime: 6 days 0:31 hours

CPU: total 8 (initial active 8) (4 cores per cpu, 2 threads per core) family 6 model 142 stepping 10 microcode 0xe0, cx8, cmov, fxsr, ht, mmx, 3dnowpref, sse, sse2, sse3, ssse3, sse4.1, sse4.2, popcnt, lzcnt, tsc, tscinvbit, avx, avx2, aes, erms, clmul, bmi1, bmi2, adx, fma, vzeroupper, clflush, clflushopt, rdtscp, f16c
Processor Information for the first 8 processors :
  Max Mhz: 1800, Current Mhz: 1600, Mhz Limit: 1584

Memory: 4k page, system-wide physical 3961M (662M free)
TotalPageFile size 6009M (AvailPageFile size 0M)
current process WorkingSet (physical memory assigned to process): 48M, peak: 48M
current process commit charge ("private bytes"): 88M, peak: 88M

vm_info: Java HotSpot(TM) 64-Bit Server VM (23.0.2+7-58) for windows-amd64 JRE (23.0.2+7-58), built on 2024-11-29T09:34:55Z with MS VC++ 17.6 (VS2022)

END.
